2013-01-21 12:06:59.282 [] INFO  CTLogger  - File appender ready for being written.
2013-01-21 12:06:59.310 [] INFO  main  - CareToy designer is being executed!
2013-01-21 12:25:29.254 [] INFO  CTLogger  - File appender ready for being written.
2013-01-21 12:25:29.254 [] INFO  CTScenarioConfig  - Starting to create the scenario configuration widget... 
2013-01-21 12:25:29.275 [] INFO  CTScenarioConfig  - Scenario configuration widget created! 
2013-01-21 12:25:29.294 [] INFO  main  - CareToy designer is being executed!
2013-01-21 12:38:40.419 [] INFO  CTLogger  - File appender ready for being written.
2013-01-21 12:38:40.420 [] INFO  CTScenarioConfig  - Starting to create the scenario configuration widget... 
2013-01-21 12:38:40.420 [] INFO  CTScenarioCanvas  - Entering CTScenarioCanvas's constructor... 
2013-01-21 12:38:40.420 [] INFO  CTScenarioCanvas  - Exit CTScenarioCanvas's constructor. 
2013-01-21 12:38:40.420 [] INFO  CTScenarioCanvas  - Entering CTScenarioCanvas::initialize ...
2013-01-21 12:38:40.420 [] INFO  CTScenarioCanvas  - Exit CTScenarioCanvas::initialize . 
2013-01-21 12:38:40.437 [] INFO  CTScenarioConfig  - Scenario configuration widget created! 
2013-01-21 12:38:40.456 [] INFO  main  - CareToy designer is being executed!
2013-01-21 12:38:42.104 [] INFO  CTScenarioCanvas  - Entering CTScenarioCanvas::getPositionIndex ...
2013-01-21 12:38:42.104 [] INFO  CTScenarioCanvas  - Exit CTScenarioCanvas::getPositionIndex .
2013-01-21 12:38:42.104 [] INFO  CTScenarioCanvas  - Entering CTScenarioCanvas::updateBlockSequence ...
2013-01-21 12:38:42.104 [] INFO  CTScenarioCanvas  - TScenarioCanvas::updateBlockSequence -> UPDATE: Number of blocks: 
2013-01-21 12:38:42.104 [] INFO  CTScenarioCanvas  - CTScenarioCanvas::updateBlockSequence -> 0: Flower
2013-01-21 12:38:42.104 [] INFO  CTScenarioCanvas  - Exit CTScenarioCanvas::updateBlockSequence .
2013-01-21 12:38:43.428 [] INFO  CTScenarioCanvas  - Entering CTScenarioCanvas::getPositionIndex ...
2013-01-21 12:38:43.428 [] INFO  CTScenarioCanvas  - Exit CTScenarioCanvas::getPositionIndex .
2013-01-21 12:38:43.428 [] INFO  CTScenarioCanvas  - Entering CTScenarioCanvas::updateBlockSequence ...
2013-01-21 12:38:43.428 [] INFO  CTScenarioCanvas  - ScenarioCanvas::updateBlockSequence -> UPDATE: Number of blocks: 
2013-01-21 12:38:43.428 [] INFO  CTScenarioCanvas  - CTScenarioCanvas::updateBlockSequence -> 0: Flower
2013-01-21 12:38:43.429 [] INFO  CTScenarioCanvas  - CTScenarioCanvas::updateBlockSequence -> 1: Stick
2013-01-21 12:38:43.429 [] INFO  CTScenarioCanvas  - Exit CTScenarioCanvas::updateBlockSequence .
2013-01-21 12:38:56.296 [] INFO  CTScenarioCanvas  - Entering CTScenarioCanvas::getInfoAndSave ...
2013-01-21 12:39:02.489 [] INFO  CTScenarioCanvas  - Exit CTScenarioCanvas::getInfoAndSave ...
